Application/build/outputs/logs/manifest-merger-debug-report.txt
-- Merging decision tree log ---
manifest
ADDED from AndroidManifest.xml:18:1
	package
		ADDED from AndroidManifest.xml:19:5
	android:versionName
		ADDED from AndroidManifest.xml:21:5
	android:versionCode
		ADDED from AndroidManifest.xml:20:5
		INJECTED from AndroidManifest.xml:0:0
		INJECTED from AndroidManifest.xml:0:0
	xmlns:android
		ADDED from AndroidManifest.xml:18:11
uses-permission#android.permission.ACCESS_COARSE_LOCATION
ADDED from AndroidManifest.xml:27:5
	android:name
		ADDED from AndroidManifest.xml:27:22
uses-permission#android.permission.ACCESS_FINE_LOCATION
ADDED from AndroidManifest.xml:28:5
	android:name
		ADDED from AndroidManifest.xml:28:22
uses-permission#android.permission.INTERNET
ADDED from AndroidManifest.xml:29:5
	android:name
		ADDED from AndroidManifest.xml:29:22
application
ADDED from AndroidManifest.xml:31:5
MERGED from com.android.support:support-v4:23.1.0:22:5
MERGED from com.android.support:gridlayout-v7:23.1.0:22:5
MERGED from com.android.support:support-v4:23.1.0:22:5
MERGED from com.android.support:cardview-v7:23.1.0:22:5
	android:label
		ADDED from AndroidManifest.xml:34:9
	android:allowBackup
		ADDED from AndroidManifest.xml:32:9
	android:icon
		ADDED from AndroidManifest.xml:33:9
	android:theme
		ADDED from AndroidManifest.xml:35:9
activity#com.example.android.horizontalpaging.MainActivity
ADDED from AndroidManifest.xml:37:9
	android:label
		ADDED from AndroidManifest.xml:39:13
	android:name
		ADDED from AndroidManifest.xml:38:13
intent-filter#android.intent.action.MAIN+android.intent.category.LAUNCHER
ADDED from AndroidManifest.xml:40:13
action#android.intent.action.MAIN
ADDED from AndroidManifest.xml:41:17
	android:name
		ADDED from AndroidManifest.xml:41:25
category#android.intent.category.LAUNCHER
ADDED from AndroidManifest.xml:43:17
	android:name
		ADDED from AndroidManifest.xml:43:27
uses-sdk
INJECTED from AndroidManifest.xml:0:0 reason: use-sdk injection requested
MERGED from com.android.support:support-v4:23.1.0:20:5
MERGED from com.android.support:gridlayout-v7:23.1.0:20:5
MERGED from com.android.support:support-v4:23.1.0:20:5
MERGED from com.android.support:cardview-v7:23.1.0:20:5
	android:targetSdkVersion
		INJECTED from AndroidManifest.xml:0:0
		INJECTED from AndroidManifest.xml:0:0
	android:minSdkVersion
		INJECTED from AndroidManifest.xml:0:0
		INJECTED from AndroidManifest.xml:0:0